0 info it worked if it ends with ok
1 verbose cli [ '/Users/Sean/.nvm/versions/io.js/v2.5.0/bin/iojs',
1 verbose cli   '/Users/Sean/.nvm/versions/io.js/v2.5.0/bin/npm',
1 verbose cli   'install',
1 verbose cli   'physijs' ]
2 info using npm@2.13.2
3 info using node@v2.5.0
4 verbose install initial load of /Users/Sean/Documents/Code/sballin.github.io/cubesat/package.json
5 verbose readDependencies loading dependencies from /Users/Sean/Documents/Code/sballin.github.io/cubesat/package.json
6 silly cache add args [ 'physijs', null ]
7 verbose cache add spec physijs
8 silly cache add parsed spec { raw: 'physijs',
8 silly cache add   scope: null,
8 silly cache add   name: 'physijs',
8 silly cache add   rawSpec: '',
8 silly cache add   spec: '*',
8 silly cache add   type: 'range' }
9 silly addNamed physijs@*
10 verbose addNamed "*" is a valid semver range for physijs
11 silly addNameRange { name: 'physijs', range: '*', hasData: false }
12 silly mapToRegistry name physijs
13 silly mapToRegistry using default registry
14 silly mapToRegistry registry https://registry.npmjs.org/
15 silly mapToRegistry uri https://registry.npmjs.org/physijs
16 verbose addNameRange registry:https://registry.npmjs.org/physijs not in flight; fetching
17 verbose request uri https://registry.npmjs.org/physijs
18 verbose request no auth needed
19 info attempt registry request try #1 at 19:00:50
20 verbose request id 328a0217b0f91800
21 http request GET https://registry.npmjs.org/physijs
22 http 404 https://registry.npmjs.org/physijs
23 verbose headers { 'content-type': 'application/json',
23 verbose headers   'cache-control': 'max-age=0',
23 verbose headers   'content-length': '2',
23 verbose headers   'accept-ranges': 'bytes',
23 verbose headers   date: 'Sat, 26 Mar 2016 23:00:51 GMT',
23 verbose headers   via: '1.1 varnish',
23 verbose headers   age: '0',
23 verbose headers   connection: 'keep-alive',
23 verbose headers   'x-served-by': 'cache-jfk1037-JFK',
23 verbose headers   'x-cache': 'MISS',
23 verbose headers   'x-cache-hits': '0',
23 verbose headers   'x-timer': 'S1459033251.144005,VS0,VE395' }
24 silly get cb [ 404,
24 silly get   { 'content-type': 'application/json',
24 silly get     'cache-control': 'max-age=0',
24 silly get     'content-length': '2',
24 silly get     'accept-ranges': 'bytes',
24 silly get     date: 'Sat, 26 Mar 2016 23:00:51 GMT',
24 silly get     via: '1.1 varnish',
24 silly get     age: '0',
24 silly get     connection: 'keep-alive',
24 silly get     'x-served-by': 'cache-jfk1037-JFK',
24 silly get     'x-cache': 'MISS',
24 silly get     'x-cache-hits': '0',
24 silly get     'x-timer': 'S1459033251.144005,VS0,VE395' } ]
25 verbose stack Error: Registry returned 404 for GET on https://registry.npmjs.org/physijs
25 verbose stack     at CachingRegistryClient.<anonymous> (/Users/Sean/.nvm/versions/io.js/v2.5.0/lib/node_modules/npm/node_modules/npm-registry-client/lib/request.js:239:14)
25 verbose stack     at Request._callback (/Users/Sean/.nvm/versions/io.js/v2.5.0/lib/node_modules/npm/node_modules/npm-registry-client/lib/request.js:170:14)
25 verbose stack     at Request.self.callback (/Users/Sean/.nvm/versions/io.js/v2.5.0/lib/node_modules/npm/node_modules/request/request.js:197:22)
25 verbose stack     at emitTwo (events.js:87:13)
25 verbose stack     at Request.emit (events.js:172:7)
25 verbose stack     at Request.<anonymous> (/Users/Sean/.nvm/versions/io.js/v2.5.0/lib/node_modules/npm/node_modules/request/request.js:1050:14)
25 verbose stack     at emitOne (events.js:82:20)
25 verbose stack     at Request.emit (events.js:169:7)
25 verbose stack     at IncomingMessage.<anonymous> (/Users/Sean/.nvm/versions/io.js/v2.5.0/lib/node_modules/npm/node_modules/request/request.js:996:12)
25 verbose stack     at emitNone (events.js:72:20)
26 verbose statusCode 404
27 verbose pkgid physijs
28 verbose cwd /Users/Sean/Documents/Code/sballin.github.io/cubesat
29 error Darwin 15.3.0
30 error argv "/Users/Sean/.nvm/versions/io.js/v2.5.0/bin/iojs" "/Users/Sean/.nvm/versions/io.js/v2.5.0/bin/npm" "install" "physijs"
31 error node v2.5.0
32 error npm  v2.13.2
33 error code E404
34 error 404 Registry returned 404 for GET on https://registry.npmjs.org/physijs
34 error 404
34 error 404 'physijs' is not in the npm registry.
34 error 404 You should bug the author to publish it (or use the name yourself!)
34 error 404
34 error 404 Note that you can also install from a
34 error 404 tarball, folder, http url, or git url.
35 verbose exit [ 1, true ]
